Log file open, 11/15/17 12:08:01
LogWindows: LoadLibraryWithSearchPaths failed for file aqProf.dll. GetLastError=0
LogWindows: LoadLibraryWithSearchPaths failed for file VSPerf140.dll. GetLastError=0
LogWindows: LoadLibraryWithSearchPaths failed for file VtuneApi.dll. GetLastError=0
LogWindows: LoadLibraryWithSearchPaths failed for file VtuneApi32e.dll. GetLastError=0
LogInit: Display: Running engine for game: SammysGreatAdventure
LogPlatformFile: Not using cached read wrapper
LogInit: Display: RandInit(1705701463) SRandInit(1705701498).
LogTaskGraph: Started task graph with 5 named threads and 26 total threads with 3 sets of task threads.
LogStats: Stats thread started at 0.319720
LogD3D11RHI: Aftermath initialized
LogPluginManager: Mounting plugin Paper2D
LogPluginManager: Mounting plugin LightPropagationVolume
LogPluginManager: Mounting plugin CodeLiteSourceCodeAccess
LogPluginManager: Mounting plugin GitSourceControl
LogPluginManager: Mounting plugin KDevelopSourceCodeAccess
LogPluginManager: Mounting plugin NullSourceCodeAccess
LogPluginManager: Mounting plugin PerforceSourceControl
LogPluginManager: Mounting plugin SubversionSourceControl
LogPluginManager: Mounting plugin UObjectPlugin
LogPluginManager: Mounting plugin VisualStudioSourceCodeAccess
LogPluginManager: Mounting plugin XCodeSourceCodeAccess
LogPluginManager: Mounting plugin AssetManagerEditor
LogPluginManager: Mounting plugin AudioCapture
LogPluginManager: Mounting plugin FacialAnimation
LogPluginManager: Mounting plugin GameplayTagsEditor
LogPluginManager: Mounting plugin MobileLauncherProfileWizard
LogPluginManager: Mounting plugin PluginBrowser
LogPluginManager: Mounting plugin SpeedTreeImporter
LogPluginManager: Mounting plugin AlembicImporter
LogPluginManager: Mounting plugin CharacterAI
LogPluginManager: Mounting plugin HTML5Networking
LogPluginManager: Mounting plugin AndroidMedia
LogPluginManager: Mounting plugin AvfMedia
LogPluginManager: Mounting plugin MediaPlayerEditor
LogPluginManager: Mounting plugin WmfMedia
LogPluginManager: Mounting plugin TcpMessaging
LogPluginManager: Mounting plugin UdpMessaging
LogPluginManager: Mounting plugin LevelSequenceEditor
LogPluginManager: Mounting plugin MatineeToLevelSequence
LogPluginManager: Mounting plugin OnlineSubsystemGooglePlay
LogPluginManager: Mounting plugin OnlineSubsystemIOS
LogPluginManager: Mounting plugin OnlineSubsystem
LogPluginManager: Mounting plugin OnlineSubsystemNull
LogPluginManager: Mounting plugin OnlineSubsystemUtils
LogPluginManager: Mounting plugin AndroidDeviceProfileSelector
LogPluginManager: Mounting plugin AndroidMoviePlayer
LogPluginManager: Mounting plugin AndroidPermission
LogPluginManager: Mounting plugin AppleMoviePlayer
LogPluginManager: Mounting plugin ArchVisCharacter
LogPluginManager: Mounting plugin CableComponent
LogPluginManager: Mounting plugin CustomMeshComponent
LogPluginManager: Mounting plugin ExampleDeviceProfileSelector
LogPluginManager: Mounting plugin GoogleCloudMessaging
LogPluginManager: Mounting plugin ImmediatePhysics
LogPluginManager: Mounting plugin IOSDeviceProfileSelector
LogPluginManager: Mounting plugin LinuxDeviceProfileSelector
LogPluginManager: Mounting plugin LocationServicesBPLibrary
LogPluginManager: Mounting plugin MobilePatchingUtils
LogPluginManager: Mounting plugin OculusVR
LogPluginManager: Mounting plugin PhysXVehicles
LogPluginManager: Mounting plugin ProceduralMeshComponent
LogPluginManager: Mounting plugin RuntimePhysXCooking
LogPluginManager: Mounting plugin SteamVR
LogPluginManager: Mounting plugin WindowsMoviePlayer
LogInit: Using libcurl 7.47.1
LogInit:  - built for x86_64-pc-win32
LogInit:  - supports SSL with OpenSSL/1.0.2g
LogInit:  - supports HTTP deflate (compression) using libz 1.2.8
LogInit:  - other features:
LogInit:      CURL_VERSION_SSL
LogInit:      CURL_VERSION_LIBZ
LogInit:      CURL_VERSION_IPV6
LogInit:      CURL_VERSION_ASYNCHDNS
LogInit:      CURL_VERSION_LARGEFILE
LogInit:      CURL_VERSION_IDN
LogInit:  CurlRequestOptions (configurable via config and command line):
LogInit:  - bVerifyPeer = false  - Libcurl will NOT verify peer certificate
LogInit:  - bUseHttpProxy = false  - Libcurl will NOT use HTTP proxy
LogInit:  - bDontReuseConnections = false  - Libcurl will reuse connections
LogInit:  - CertBundlePath = nullptr  - Libcurl will use whatever was configured at build time.
LogHMD: Failed initializing OVRPlugin 1.15.0
LogInit: Build: ++UE4+Release-4.17-CL-3586342
LogInit: Engine Version: 4.17.1-3586342+++UE4+Release-4.17
LogInit: Compatible Engine Version: 4.17.0-3573198+++UE4+Release-4.17
LogInit: Net CL: 3573198
LogDevObjectVersion: Number of dev versions registered: 16
LogDevObjectVersion:   Dev-Blueprints (B0D832E4-1F89-4F0D-ACCF-7EB736FD4AA2): 10
LogDevObjectVersion:   Dev-Build (E1C64328-A22C-4D53-A36C-8E866417BD8C): 0
LogDevObjectVersion:   Dev-Core (375EC13C-06E4-48FB-B500-84F0262A717E): 2
LogDevObjectVersion:   Dev-Editor (E4B068ED-F494-42E9-A231-DA0B2E46BB41): 20
LogDevObjectVersion:   Dev-Framework (CFFC743F-43B0-4480-9391-14DF171D2073): 28
LogDevObjectVersion:   Dev-Mobile (B02B49B5-BB20-44E9-A304-32B752E40360): 0
LogDevObjectVersion:   Dev-Networking (A4E4105C-59A1-49B5-A7C5-40C4547EDFEE): 0
LogDevObjectVersion:   Dev-Online (39C831C9-5AE6-47DC-9A44-9C173E1C8E7C): 0
LogDevObjectVersion:   Dev-Physics (78F01B33-EBEA-4F98-B9B4-84EACCB95AA2): 0
LogDevObjectVersion:   Dev-Platform (6631380F-2D4D-43E0-8009-CF276956A95A): 0
LogDevObjectVersion:   Dev-Rendering (12F88B9F-8875-4AFC-A67C-D90C383ABD29): 19
LogDevObjectVersion:   Dev-Sequencer (7B5AE74C-D270-4C10-A958-57980B212A5A): 4
LogDevObjectVersion:   Dev-VR (D7296918-1DD6-4BDD-9DE2-64A83CC13884): 0
LogDevObjectVersion:   Dev-LoadTimes (C2A15278-BFE7-4AFE-6C17-90FF531DF755): 1
LogDevObjectVersion:   Private-Geometry (6EACA3D4-40EC-4CC1-B786-8BED09428FC5): 1
LogDevObjectVersion:   Dev-AnimPhys (29E575DD-E0A3-4627-9D10-D276232CDCEA): 7
LogInit: Compiled (64-bit): Aug 15 2017 02:05:26
LogInit: Compiled with Visual C++: 19.00.24215.01
LogInit: Build Configuration: Development
LogInit: Branch Name: ++UE4+Release-4.17
LogInit: Command line: -EpicPortal 
LogInit: Base directory: F:/Epic Games/UE_4.17/Engine/Binaries/Win64/
LogInit: Installed Engine Build: 1
LogInit: Presizing for max 8388607 objects, including 0 objects not considered by GC, pre-allocating 0 bytes for permanent pool.
LogInit: Object subsystem initialized
[2017.11.15-19.08.03:451][  0]LogInit: Selected Device Profile: [Windows]
[2017.11.15-19.08.03:451][  0]LogInit: Applying CVar settings loaded from the selected device profile: [Windows]
[2017.11.15-19.08.03:470][  0]LogInit: Computer: DESKTOP-6EULIMJ
[2017.11.15-19.08.03:470][  0]LogInit: User: Gavin
[2017.11.15-19.08.03:470][  0]LogInit: CPU Page size=4096, Cores=8
[2017.11.15-19.08.03:470][  0]LogInit: High frequency timer resolution =14.318180 MHz
[2017.11.15-19.08.03:470][  0]LogMemory: Memory total: Physical=15.9GB (16GB approx)
[2017.11.15-19.08.03:470][  0]LogMemory: Platform Memory Stats for Windows
[2017.11.15-19.08.03:470][  0]LogMemory: Process Physical Memory: 283.91 MB used, 283.91 MB peak
[2017.11.15-19.08.03:470][  0]LogMemory: Process Virtual Memory: 284.57 MB used, 284.57 MB peak
[2017.11.15-19.08.03:470][  0]LogMemory: Physical Memory: 7120.05 MB used,  9195.15 MB free, 16315.20 MB total
[2017.11.15-19.08.03:470][  0]LogMemory: Virtual Memory: 715.18 MB used,  9195.15 MB free, 134217728.00 MB total
[2017.11.15-19.08.03:596][  0]LogInit: Using OS detected language (en-US).
[2017.11.15-19.08.03:596][  0]LogInit: Using OS detected locale (en-US).
[2017.11.15-19.08.03:599][  0]LogTextLocalizationManager: No specific localization for 'en-US' exists, so the 'en' localization will be used.
[2017.11.15-19.08.04:352][  0]LogD3D11RHI: D3D11 adapters:
[2017.11.15-19.08.04:377][  0]LogD3D11RHI:    0. 'Radeon (TM) RX 480 Graphics' (Feature Level 11_0)
[2017.11.15-19.08.04:377][  0]LogD3D11RHI:       8137/0/8157 MB DedicatedVideo/DedicatedSystem/SharedSystem, Outputs:1, VendorId:0x1002
[2017.11.15-19.08.04:378][  0]LogD3D11RHI:    1. 'Microsoft Basic Render Driver' (Feature Level 11_0)
[2017.11.15-19.08.04:378][  0]LogD3D11RHI:       0/0/8157 MB DedicatedVideo/DedicatedSystem/SharedSystem, Outputs:0, VendorId:0x1414
[2017.11.15-19.08.04:378][  0]LogD3D11RHI: Chosen D3D11 Adapter: 0
[2017.11.15-19.08.04:388][  0]LogD3D11RHI: Creating new Direct3DDevice
[2017.11.15-19.08.04:388][  0]LogD3D11RHI:     GPU DeviceId: 0x67df (for the marketing name, search the web for "GPU Device Id")
[2017.11.15-19.08.04:388][  0]LogWindows: EnumDisplayDevices:
[2017.11.15-19.08.04:388][  0]LogWindows:    0. 'Radeon (TM) RX 480 Graphics' (P:1 D:1)
[2017.11.15-19.08.04:389][  0]LogWindows:    1. 'Radeon (TM) RX 480 Graphics' (P:0 D:0)
[2017.11.15-19.08.04:389][  0]LogWindows:    2. 'Radeon (TM) RX 480 Graphics' (P:0 D:0)
[2017.11.15-19.08.04:389][  0]LogWindows:    3. 'Radeon (TM) RX 480 Graphics' (P:0 D:0)
[2017.11.15-19.08.04:390][  0]LogWindows:    4. 'Radeon (TM) RX 480 Graphics' (P:0 D:0)
[2017.11.15-19.08.04:390][  0]LogWindows:    5. 'Radeon (TM) RX 480 Graphics' (P:0 D:0)
[2017.11.15-19.08.04:390][  0]LogWindows:    6. 'Radeon (TM) RX 480 Graphics' (P:0 D:0)
[2017.11.15-19.08.04:390][  0]LogWindows:    7. 'Radeon (TM) RX 480 Graphics' (P:0 D:0)
[2017.11.15-19.08.04:390][  0]LogWindows:    8. 'Radeon (TM) RX 480 Graphics' (P:0 D:0)
[2017.11.15-19.08.04:391][  0]LogWindows:    9. 'Radeon (TM) RX 480 Graphics' (P:0 D:0)
[2017.11.15-19.08.04:391][  0]LogWindows:    10. 'Radeon (TM) RX 480 Graphics' (P:0 D:0)
[2017.11.15-19.08.04:391][  0]LogWindows:    11. 'Radeon (TM) RX 480 Graphics' (P:0 D:0)
[2017.11.15-19.08.04:391][  0]LogWindows:    12. 'Radeon (TM) RX 480 Graphics' (P:0 D:0)
[2017.11.15-19.08.04:391][  0]LogWindows:    13. 'Radeon (TM) RX 480 Graphics' (P:0 D:0)
[2017.11.15-19.08.04:392][  0]LogWindows:    14. 'Radeon (TM) RX 480 Graphics' (P:0 D:0)
[2017.11.15-19.08.04:392][  0]LogWindows:    15. 'Radeon (TM) RX 480 Graphics' (P:0 D:0)
[2017.11.15-19.08.04:392][  0]LogWindows: DebugString: FoundDriverCount:16 
[2017.11.15-19.08.04:392][  0]LogD3D11RHI:     Adapter Name: Radeon (TM) RX 480 Graphics
[2017.11.15-19.08.04:392][  0]LogD3D11RHI:   Driver Version: Crimson ReLive 17.11.1 (internal:23.20.788.0, unified:23.20.788.0)
[2017.11.15-19.08.04:392][  0]LogD3D11RHI:      Driver Date: 11-2-2017
[2017.11.15-19.08.04:392][  0]LogRHI: Texture pool is 1361 MB (70% of 1945 MB)
[2017.11.15-19.08.04:465][  0]LogD3D11RHI: Async texture creation enabled
[2017.11.15-19.08.04:476][  0]LogD3D11RHI: GPU Timing Frequency: 25.000000 (Debug: 2 1)
[2017.11.15-19.08.04:476][  0]LogD3D11RHI: HDR output is supported on display 0 (AMD Device: 0x0, Display: 0x0).
[2017.11.15-19.08.04:477][  0]LogShaderCompilers: Guid format shader working directory is -30 characters bigger than the processId version (C:/Users/Gavin/Documents/GitHub/Sammys-Great-Adventure/SammysGreatAdventure/Intermediate/Shaders/WorkingDirectory/19368/).
[2017.11.15-19.08.04:477][  0]LogShaderCompilers: Cleaned the shader compiler working directory 'C:/Users/Gavin/AppData/Local/Temp/UnrealShaderWorkingDir/9EB9371F4C36BBD77DE413803608FB05/'.
[2017.11.15-19.08.04:477][  0]LogShaderCompilers: Display: Using Local Shader Compiler.
[2017.11.15-19.08.05:496][  0]LogTemp: Display: Loaded TP AllDesktopTargetPlatform
[2017.11.15-19.08.05:547][  0]LogTemp: Display: Loaded TP MacClientTargetPlatform
[2017.11.15-19.08.05:598][  0]LogTemp: Display: Loaded TP MacNoEditorTargetPlatform
[2017.11.15-19.08.05:648][  0]LogTemp: Display: Loaded TP MacServerTargetPlatform
[2017.11.15-19.08.05:698][  0]LogTemp: Display: Loaded TP MacTargetPlatform
[2017.11.15-19.08.05:749][  0]LogTemp: Display: Loaded TP WindowsClientTargetPlatform
[2017.11.15-19.08.05:798][  0]LogTemp: Display: Loaded TP WindowsNoEditorTargetPlatform
[2017.11.15-19.08.05:850][  0]LogTemp: Display: Loaded TP WindowsServerTargetPlatform
[2017.11.15-19.08.05:893][  0]LogTemp: Display: Loaded TP WindowsTargetPlatform
[2017.11.15-19.08.05:942][  0]LogTemp: Display: Loaded TP AndroidTargetPlatform
[2017.11.15-19.08.05:989][  0]LogTemp: Display: Loaded TP Android_ASTCTargetPlatform
[2017.11.15-19.08.06:037][  0]LogTemp: Display: Loaded TP Android_ATCTargetPlatform
[2017.11.15-19.08.06:085][  0]LogTemp: Display: Loaded TP Android_DXTTargetPlatform
[2017.11.15-19.08.06:132][  0]LogTemp: Display: Loaded TP Android_ETC1TargetPlatform
[2017.11.15-19.08.06:179][  0]LogTemp: Display: Loaded TP Android_ETC2TargetPlatform
[2017.11.15-19.08.06:275][  0]LogTemp: Display: Loaded TP Android_MultiTargetPlatform
[2017.11.15-19.08.06:275][  0]LogTemp: Display: Loaded TP Android_PVRTCTargetPlatform
[2017.11.15-19.08.06:310][  0]LogTemp: Display: Loaded TP HTML5TargetPlatform
[2017.11.15-19.08.06:399][  0]LogTemp: Display: Loaded TP IOSTargetPlatform
[2017.11.15-19.08.06:429][  0]LogTemp: Display: Loaded TP TVOSTargetPlatform
[2017.11.15-19.08.06:478][  0]LogTemp: Display: Loaded TP LinuxClientTargetPlatform
[2017.11.15-19.08.06:526][  0]LogTemp: Display: Loaded TP LinuxNoEditorTargetPlatform
[2017.11.15-19.08.06:575][  0]LogTemp: Display: Loaded TP LinuxServerTargetPlatform
[2017.11.15-19.08.06:622][  0]LogTemp: Display: Loaded TP LinuxTargetPlatform
[2017.11.15-19.08.06:622][  0]LogTargetPlatformManager: Display: Building Assets For Windows
[2017.11.15-19.08.07:075][  0]LogDerivedDataCache: Display: Max Cache Size: 512 MB
[2017.11.15-19.08.07:179][  0]LogDerivedDataCache: Loaded boot cache 0.10s 94MB C:/Users/Gavin/AppData/Local/UnrealEngine/4.17/DerivedDataCache/Boot.ddc.
[2017.11.15-19.08.07:179][  0]LogDerivedDataCache: Display: Loaded Boot cache: C:/Users/Gavin/AppData/Local/UnrealEngine/4.17/DerivedDataCache/Boot.ddc
[2017.11.15-19.08.07:179][  0]LogDerivedDataCache: FDerivedDataBackendGraph:  Pak pak cache file C:/Users/Gavin/Documents/GitHub/Sammys-Great-Adventure/SammysGreatAdventure/DerivedDataCache/DDC.ddp not found, will not use a pak cache.
[2017.11.15-19.08.07:179][  0]LogDerivedDataCache: Unable to find inner node Pak for hierarchical cache Hierarchy.
[2017.11.15-19.08.07:179][  0]LogDerivedDataCache: FDerivedDataBackendGraph:  CompressedPak pak cache file C:/Users/Gavin/Documents/GitHub/Sammys-Great-Adventure/SammysGreatAdventure/DerivedDataCache/Compressed.ddp not found, will not use a pak cache.
[2017.11.15-19.08.07:179][  0]LogDerivedDataCache: Unable to find inner node CompressedPak for hierarchical cache Hierarchy.
[2017.11.15-19.08.07:200][  0]LogDerivedDataCache: Display: Pak cache opened for reading ../../../Engine/DerivedDataCache/Compressed.ddp.
[2017.11.15-19.08.07:212][  0]LogDerivedDataCache: Using Local data cache path C:/Users/Gavin/AppData/Local/UnrealEngine/Common/DerivedDataCache: Writable
[2017.11.15-19.08.07:223][  0]LogMaterial: Verifying Global Shaders for PCD3D_SM5
[2017.11.15-19.08.07:224][  0]LogSlate: Using Freetype 2.6.0
[2017.11.15-19.08.07:224][  0]LogSlate: SlateFontCache - WITH_FREETYPE: 1, WITH_HARFBUZZ: 1
[2017.11.15-19.08.07:224][  0]LogSlate: SlateFontCache - WITH_FREETYPE: 1, WITH_HARFBUZZ: 1
[2017.11.15-19.08.07:723][  0]LogAssetRegistry: FAssetRegistry took 0.0277 seconds to start up
[2017.11.15-19.08.07:861][  0]LogInit: Selected Device Profile: [Windows]
[2017.11.15-19.08.08:277][  0]LogSimplygon: Simplygon DLL not present - disabling.
[2017.11.15-19.08.08:312][  0]LogMeshReduction: Using SimplygonSwarm for distributed automatic mesh merging
[2017.11.15-19.08.08:312][  0]LogMeshReduction: Using QuadricMeshReduction for automatic static mesh reduction
[2017.11.15-19.08.08:312][  0]LogMeshReduction: No automatic skeletal mesh reduction module available
[2017.11.15-19.08.08:312][  0]LogMeshReduction: No automatic mesh merging module available
[2017.11.15-19.08.08:312][  0]LogMeshMerging: No automatic mesh merging module available
[2017.11.15-19.08.08:328][  0]LogContentStreaming: Texture pool size is 0.00 MB
[2017.11.15-19.08.08:808][  0]LogNetVersion: SammysGreatAdventure , NetCL: 3573198, EngineNetVer: 2, GameNetVer: 0 (Checksum: 3915310096)
[2017.11.15-19.08.09:051][  0]LogPackageLocalizationCache: Processed 5 localized package path(s) for 2 prioritized culture(s) in 0.059786 seconds
[2017.11.15-19.08.09:058][  0]LogUObjectArray: 35825 objects as part of root set at end of initial load.
[2017.11.15-19.08.09:058][  0]LogUObjectAllocator: 7529112 out of 0 bytes used by permanent object pool.
[2017.11.15-19.08.09:058][  0]LogUObjectArray: CloseDisregardForGC: 0/0 objects in disregard for GC pool
[2017.11.15-19.08.09:112][  0]LogInit: WinSock: version 1.1 (2.2), MaxSocks=32767, MaxUdp=65467
[2017.11.15-19.08.11:587][  0]LogTcpMessaging: Initializing TcpMessaging bridge
[2017.11.15-19.08.11:626][  0]LogUdpMessaging: Initializing bridge on interface 0.0.0.0:0 to multicast group 230.0.0.1:6666.
[2017.11.15-19.08.12:628][  0]LogMaterial: Uniform references updated for custom material expression Custom.
[2017.11.15-19.08.13:012][  0]SourceControl: Source control is disabled
[2017.11.15-19.08.13:012][  0]SourceControl: Source control is disabled
[2017.11.15-19.08.13:058][  0]SourceControl: Source control is disabled
[2017.11.15-19.08.13:103][  0]SourceControl: Source control is disabled
[2017.11.15-19.08.13:646][  0]LogAndroidPermission: UAndroidPermissionCallbackProxy::GetInstance
[2017.11.15-19.08.13:875][  0]LogOcInput: OculusInput pre-init called
[2017.11.15-19.08.14:131][  0]LogEngine: Initializing Engine...
[2017.11.15-19.08.14:161][  0]LogHMD: Failed to initialize OpenVR with code 126
[2017.11.15-19.08.14:420][  0]LogStats: UGameplayTagsManager::ConstructGameplayTagTree: Construct from data asset -  0.000 s
[2017.11.15-19.08.14:420][  0]LogStats: UGameplayTagsManager::ConstructGameplayTagTree: GameplayTagTreeChangedEvent.Broadcast -  0.000 s
[2017.11.15-19.08.14:537][  0]LogAIModule: Creating AISystem for world Untitled
[2017.11.15-19.08.14:556][  0]LogInit: XAudio2 using 'Speakers (2- Wireless Stereo Headset)' : 2 channels at 48 kHz using 16 bits per sample (channel mask 0x3)
[2017.11.15-19.08.14:590][  0]LogInit: FAudioDevice initialized.
[2017.11.15-19.08.14:683][  0]LogDerivedDataCache: Saved boot cache 0.09s 94MB C:/Users/Gavin/AppData/Local/UnrealEngine/4.17/DerivedDataCache/Boot.ddc.
[2017.11.15-19.08.14:702][  0]LogInit: Texture streaming: Enabled
[2017.11.15-19.08.14:806][  0]LogEngineSessionManager: EngineSessionManager initialized
[2017.11.15-19.08.15:024][  0]LogInit: Transaction tracking system initialized
[2017.11.15-19.08.15:325][  0]BlueprintLog: New page: Editor Load
[2017.11.15-19.08.16:183][  0]LocalizationService: Localization service is disabled
[2017.11.15-19.08.16:832][  0]LogConsoleResponse: Display: 
[2017.11.15-19.08.17:044][  0]LogCook: Display: Max memory allowance for cook 16384mb min free memory 0mb
[2017.11.15-19.08.17:044][  0]LogCook: Display: Mobile HDR setting 1
[2017.11.15-19.08.17:044][  0]LogGameplayTags: Display: UGameplayTagsManager::DoneAddingNativeTags. DelegateIsBound: 0
[2017.11.15-19.08.17:986][  0]LogFileCache: Scanning file cache for directory 'C:/Users/Gavin/Documents/GitHub/Sammys-Great-Adventure/SammysGreatAdventure/Content/' took 0.02s
[2017.11.15-19.08.18:027][  0]SourceControl: Source control is disabled
[2017.11.15-19.08.18:027][  0]Cmd: MAP LOAD FILE="C:/Users/Gavin/Documents/GitHub/Sammys-Great-Adventure/SammysGreatAdventure/Content/ThirdPersonCPP/Maps/ThirdPersonExampleMap.umap" TEMPLATE=0 SHOWPROGRESS=1 FEATURELEVEL=3
[2017.11.15-19.08.18:028][  0]LightingResults: New page: Lighting Build
[2017.11.15-19.08.18:063][  0]MapCheck: New page: Map Check
[2017.11.15-19.08.18:063][  0]LightingResults: New page: Lighting Build
[2017.11.15-19.08.20:626][  0]LogAIModule: Creating AISystem for world ThirdPersonExampleMap
[2017.11.15-19.08.20:627][  0]LogModelComponent: Warning: Material Ice requires adjacency information because of Crack Free Displacement or PN Triangle Tesselation, which is not supported with model components. Falling back to DefaultMaterial.
[2017.11.15-19.08.20:628][  0]LogModelComponent: Warning: Material Ice requires adjacency information because of Crack Free Displacement or PN Triangle Tesselation, which is not supported with model components. Falling back to DefaultMaterial.
[2017.11.15-19.08.20:628][  0]LogModelComponent: Warning: Material Ice requires adjacency information because of Crack Free Displacement or PN Triangle Tesselation, which is not supported with model components. Falling back to DefaultMaterial.
[2017.11.15-19.08.21:743][  0]LogEditorServer: Finished looking for orphan Actors (0.000 secs)
[2017.11.15-19.08.21:819][  0]Cmd: MAP CHECKDEP NOCLEARLOG
[2017.11.15-19.08.21:884][  0]MapCheck: Map check complete: 0 Error(s), 0 Warning(s), took 64.906ms to complete.
[2017.11.15-19.08.21:884][  0]LogFileHelpers: Loading map 'ThirdPersonExampleMap' took 3.857
[2017.11.15-19.08.21:960][  0]LogWindowsTextInputMethodSystem: Display: IME system now deactivated.
[2017.11.15-19.08.21:960][  0]LogWindowsTextInputMethodSystem: Display: IME system now deactivated.
[2017.11.15-19.08.22:546][  0]LogCollectionManager: Loaded 0 collections in 0.002772 seconds
[2017.11.15-19.08.22:693][  0]LogFileCache: Scanning file cache for directory 'C:/Users/Gavin/Documents/GitHub/Sammys-Great-Adventure/SammysGreatAdventure/Saved/Collections/' took 0.01s
[2017.11.15-19.08.22:693][  0]LogFileCache: Scanning file cache for directory 'C:/Users/Gavin/Documents/GitHub/Sammys-Great-Adventure/SammysGreatAdventure/Content/Developers/Gavin/Collections/' took 0.01s
[2017.11.15-19.08.22:693][  0]LogFileCache: Scanning file cache for directory 'C:/Users/Gavin/Documents/GitHub/Sammys-Great-Adventure/SammysGreatAdventure/Content/Collections/' took 0.01s
[2017.11.15-19.08.22:693][  0]LogCollectionManager: Rebuilt the GUID cache for 0 collections in 0.000002 seconds
[2017.11.15-19.08.22:716][  0]LogContentBrowser: Native class hierarchy populated in 0.0217 seconds. Added 2391 classes and 502 folders.
[2017.11.15-19.08.22:810][  0]LogContentBrowser: Native class hierarchy updated for 'WidgetCarousel' in 0.0020 seconds. Added 0 classes and 0 folders.
[2017.11.15-19.08.23:610][  0]LogContentBrowser: Native class hierarchy updated for 'AddContentDialog' in 0.0017 seconds. Added 0 classes and 0 folders.
[2017.11.15-19.08.23:705][  0]LogContentBrowser: Native class hierarchy updated for 'SceneOutliner' in 0.0018 seconds. Added 1 classes and 2 folders.
[2017.11.15-19.08.24:489][  0]LogSlate: Took 0.000199 seconds to synchronously load lazily loaded font '../../../Engine/Content/Slate/Fonts/Roboto-Regular.ttf' (155K)
[2017.11.15-19.08.24:498][  0]LogSlate: Took 0.000191 seconds to synchronously load lazily loaded font '../../../Engine/Content/Slate/Fonts/Roboto-Bold.ttf' (160K)
[2017.11.15-19.08.24:570][  0]LogSlate: Took 0.033442 seconds to synchronously load lazily loaded font '../../../Engine/Content/Editor/Slate/Fonts/FontAwesome.ttf' (139K)
[2017.11.15-19.08.25:080][  0]LogRenderer: Reallocating scene render targets to support 1728x968 Format 10 NumSamples 1 (Frame:1).
[2017.11.15-19.08.25:600][  0]LogContentBrowser: Native class hierarchy updated for 'HierarchicalLODOutliner' in 0.0018 seconds. Added 1 classes and 2 folders.
[2017.11.15-19.08.25:601][  0]LogLoad: (Engine Initialization) Total time: 25.55 seconds
[2017.11.15-19.08.25:601][  0]LogLoad: (Engine Initialization) Total Blueprint compile time: 0.00 seconds
[2017.11.15-19.08.25:601][  0]LogExternalProfiler: No external profilers were discovered.  External profiling features will not be available.
[2017.11.15-19.08.25:672][  0]LogContentStreaming: Texture pool size now 1000 MB
[2017.11.15-19.08.25:904][  1]LogFileCache: Retrieving MD5 hashes for directory 'C:/Users/Gavin/Documents/GitHub/Sammys-Great-Adventure/SammysGreatAdventure/Content/' took 0.28s
[2017.11.15-19.08.25:950][  1]LogAssetRegistry: Asset discovery search completed in 18.2492 seconds
[2017.11.15-19.08.25:951][  1]LogCollectionManager: Rebuilt the object cache for 0 collections in 0.000002 seconds (found 0 objects)
[2017.11.15-19.08.25:951][  1]LogCollectionManager: Fixed up redirectors for 0 collections in 0.000060 seconds (updated 0 objects)
[2017.11.15-19.08.47:859][565]LogSlate: Took 0.023256 seconds to synchronously load lazily loaded font '../../../Engine/Content/Slate/Fonts/Roboto-Light.ttf' (159K)
[2017.11.15-19.08.47:909][565]LogFactory: FactoryCreateFile: StaticMesh with FbxFactory (0 0 C:\Users\Gavin\Documents\3dsMax\export\Sapphire_Attack_1.FBX)
[2017.11.15-19.08.48:005][565]LogFbx: ItemName: GlobalSettings, ItemCount : 1
[2017.11.15-19.08.48:005][565]LogFbx: ItemName: AnimationStack, ItemCount : 1
[2017.11.15-19.08.48:005][565]LogFbx: ItemName: AnimationLayer, ItemCount : 1
[2017.11.15-19.08.48:005][565]LogFbx: ItemName: Model, ItemCount : 22
[2017.11.15-19.08.48:005][565]LogFbx: ItemName: Geometry, ItemCount : 8
[2017.11.15-19.08.48:005][565]LogFbx: ItemName: Material, ItemCount : 2
[2017.11.15-19.08.48:005][565]LogFbx: ItemName: Texture, ItemCount : 2
[2017.11.15-19.08.48:005][565]LogFbx: ItemName: NodeAttribute, ItemCount : 14
[2017.11.15-19.08.48:005][565]LogFbx: ItemName: CollectionExclusive, ItemCount : 2
[2017.11.15-19.08.48:005][565]LogFbx: ItemName: AnimationCurve, ItemCount : 180
[2017.11.15-19.08.48:005][565]LogFbx: ItemName: AnimationCurveNode, ItemCount : 60
[2017.11.15-19.08.48:005][565]LogFbx: ItemName: Deformer, ItemCount : 17
[2017.11.15-19.08.48:005][565]LogFbx: ItemName: Pose, ItemCount : 1
[2017.11.15-19.08.48:005][565]LogFbx: ItemName: Video, ItemCount : 2
[2017.11.15-19.08.48:015][565]LogFbx: Loading FBX Scene from C:\Users\Gavin\Documents\3dsMax\export\Sapphire_Attack_1.FBX
[2017.11.15-19.08.48:052][565]LogFbx: FBX Scene Loaded Succesfully
[2017.11.15-19.08.51:046][565]LogSlate: Took 0.000186 seconds to synchronously load lazily loaded font '../../../Engine/Content/Slate/Fonts/Roboto-Light.ttf' (159K)
[2017.11.15-19.09.11:170][565]LogFbx: Loading FBX Scene from C:\Users\Gavin\Documents\3dsMax\export\Sapphire_Attack_1.FBX
[2017.11.15-19.09.11:193][565]LogFbx: FBX Scene Loaded Succesfully
[2017.11.15-19.09.11:195][565]LogFbx: =================================================
[2017.11.15-19.09.11:195][565]LogFbx: Dumping Node START [Body] 
[2017.11.15-19.09.11:195][565]LogFbx: 	Total Deformer Count 1016144480.
[2017.11.15-19.09.11:195][565]LogFbx: 		[Node 1]  (Type Skin).
[2017.11.15-19.09.11:195][565]LogFbx: =================================================
[2017.11.15-19.09.11:195][565]LogFbx: 	Attribute () Type (4).
[2017.11.15-19.09.11:195][565]LogFbx: 		[Node Attribute Child 1] Body (Type Mesh).
[2017.11.15-19.09.11:195][565]LogFbx: Dumping Node END [Body]
[2017.11.15-19.09.11:195][565]LogFbx: =================================================
[2017.11.15-19.09.11:195][565]LogFbx: Dumping Node START [Eyes] 
[2017.11.15-19.09.11:195][565]LogFbx: 	Total Deformer Count 1016144480.
[2017.11.15-19.09.11:195][565]LogFbx: 		[Node 1]  (Type Skin).
[2017.11.15-19.09.11:195][565]LogFbx: =================================================
[2017.11.15-19.09.11:195][565]LogFbx: 	Attribute () Type (4).
[2017.11.15-19.09.11:195][565]LogFbx: 		[Node Attribute Child 1] Eyes (Type Mesh).
[2017.11.15-19.09.11:195][565]LogFbx: Dumping Node END [Eyes]
[2017.11.15-19.09.11:195][565]LogFbx: =================================================
[2017.11.15-19.09.11:195][565]LogFbx: Dumping Node START [Bn_Face_Nub] 
[2017.11.15-19.09.11:195][565]LogFbx: 	Total Deformer Count 1015904576.
[2017.11.15-19.09.11:195][565]LogFbx: 	Attribute () Type (4).
[2017.11.15-19.09.11:195][565]LogFbx: 		[Node Attribute Child 1] Bn_Face_Nub (Type Mesh).
[2017.11.15-19.09.11:195][565]LogFbx: Dumping Node END [Bn_Face_Nub]
[2017.11.15-19.09.11:195][565]LogFbx: =================================================
[2017.11.15-19.09.11:195][565]LogFbx: Dumping Node START [Bn_Eye_Right_Nub] 
[2017.11.15-19.09.11:195][565]LogFbx: 	Total Deformer Count 1019460672.
[2017.11.15-19.09.11:195][565]LogFbx: 	Attribute () Type (4).
[2017.11.15-19.09.11:195][565]LogFbx: 		[Node Attribute Child 1] Bn_Eye_Right_Nub (Type Mesh).
[2017.11.15-19.09.11:195][565]LogFbx: Dumping Node END [Bn_Eye_Right_Nub]
[2017.11.15-19.09.11:195][565]LogFbx: =================================================
[2017.11.15-19.09.11:195][565]LogFbx: Dumping Node START [Bn_Eye_Left_Nub] 
[2017.11.15-19.09.11:195][565]LogFbx: 	Total Deformer Count 1019460512.
[2017.11.15-19.09.11:195][565]LogFbx: 	Attribute () Type (4).
[2017.11.15-19.09.11:195][565]LogFbx: 		[Node Attribute Child 1] Bn_Eye_Left_Nub (Type Mesh).
[2017.11.15-19.09.11:195][565]LogFbx: Dumping Node END [Bn_Eye_Left_Nub]
[2017.11.15-19.09.11:195][565]LogFbx: =================================================
[2017.11.15-19.09.11:195][565]LogFbx: Dumping Node START [Bn_Head_Nub] 
[2017.11.15-19.09.11:195][565]LogFbx: 	Total Deformer Count 1015905600.
[2017.11.15-19.09.11:195][565]LogFbx: 	Attribute () Type (4).
[2017.11.15-19.09.11:195][565]LogFbx: 		[Node Attribute Child 1] Bn_Head_Nub (Type Mesh).
[2017.11.15-19.09.11:195][565]LogFbx: Dumping Node END [Bn_Head_Nub]
[2017.11.15-19.09.11:195][565]LogFbx: =================================================
[2017.11.15-19.09.11:195][565]LogFbx: Dumping Node START [Bn_Body_Right] 
[2017.11.15-19.09.11:195][565]LogFbx: 	Total Deformer Count 1019461312.
[2017.11.15-19.09.11:195][565]LogFbx: 	Attribute () Type (4).
[2017.11.15-19.09.11:195][565]LogFbx: 		[Node Attribute Child 1] Bn_Body_Right (Type Mesh).
[2017.11.15-19.09.11:196][565]LogFbx: Dumping Node END [Bn_Body_Right]
[2017.11.15-19.09.11:196][565]LogFbx: =================================================
[2017.11.15-19.09.11:196][565]LogFbx: Dumping Node START [Bn_Body_Left] 
[2017.11.15-19.09.11:196][565]LogFbx: 	Total Deformer Count 1019461312.
[2017.11.15-19.09.11:196][565]LogFbx: 	Attribute () Type (4).
[2017.11.15-19.09.11:196][565]LogFbx: 		[Node Attribute Child 1] Bn_Body_Left (Type Mesh).
[2017.11.15-19.09.11:196][565]LogFbx: Dumping Node END [Bn_Body_Left]
[2017.11.15-19.09.11:196][565]LogFbx: =================================================
[2017.11.15-19.09.11:196][565]LogFbx: Dumping Node START [Body] 
[2017.11.15-19.09.11:196][565]LogFbx: 	Total Deformer Count 1016142896.
[2017.11.15-19.09.11:196][565]LogFbx: 		[Node 1]  (Type Skin).
[2017.11.15-19.09.11:196][565]LogFbx: =================================================
[2017.11.15-19.09.11:196][565]LogFbx: 	Attribute () Type (4).
[2017.11.15-19.09.11:196][565]LogFbx: 		[Node Attribute Child 1] Body (Type Mesh).
[2017.11.15-19.09.11:196][565]LogFbx: Dumping Node END [Body]
[2017.11.15-19.09.11:196][565]LogFbx: =================================================
[2017.11.15-19.09.11:196][565]LogFbx: Dumping Node START [Bn_Face_Nub] 
[2017.11.15-19.09.11:196][565]LogFbx: 	Total Deformer Count 1015904384.
[2017.11.15-19.09.11:196][565]LogFbx: 	Attribute () Type (4).
[2017.11.15-19.09.11:196][565]LogFbx: 		[Node Attribute Child 1] Bn_Face_Nub (Type Mesh).
[2017.11.15-19.09.11:196][565]LogFbx: Dumping Node END [Bn_Face_Nub]
[2017.11.15-19.09.11:196][565]LogFbx: =================================================
[2017.11.15-19.09.11:196][565]LogFbx: Dumping Node START [Bn_Eye_Right_Nub] 
[2017.11.15-19.09.11:196][565]LogFbx: 	Total Deformer Count 1019460192.
[2017.11.15-19.09.11:196][565]LogFbx: 	Attribute () Type (4).
[2017.11.15-19.09.11:196][565]LogFbx: 		[Node Attribute Child 1] Bn_Eye_Right_Nub (Type Mesh).
[2017.11.15-19.09.11:196][565]LogFbx: Dumping Node END [Bn_Eye_Right_Nub]
[2017.11.15-19.09.11:196][565]LogFbx: =================================================
[2017.11.15-19.09.11:196][565]LogFbx: Dumping Node START [Bn_Eye_Left_Nub] 
[2017.11.15-19.09.11:196][565]LogFbx: 	Total Deformer Count 1019460432.
[2017.11.15-19.09.11:196][565]LogFbx: 	Attribute () Type (4).
[2017.11.15-19.09.11:196][565]LogFbx: 		[Node Attribute Child 1] Bn_Eye_Left_Nub (Type Mesh).
[2017.11.15-19.09.11:196][565]LogFbx: Dumping Node END [Bn_Eye_Left_Nub]
[2017.11.15-19.09.11:196][565]LogFbx: =================================================
[2017.11.15-19.09.11:196][565]LogFbx: Dumping Node START [Bn_Head_Nub] 
[2017.11.15-19.09.11:196][565]LogFbx: 	Total Deformer Count 1015904576.
[2017.11.15-19.09.11:196][565]LogFbx: 	Attribute () Type (4).
[2017.11.15-19.09.11:196][565]LogFbx: 		[Node Attribute Child 1] Bn_Head_Nub (Type Mesh).
[2017.11.15-19.09.11:196][565]LogFbx: Dumping Node END [Bn_Head_Nub]
[2017.11.15-19.09.11:196][565]LogFbx: =================================================
[2017.11.15-19.09.11:196][565]LogFbx: Dumping Node START [Bn_Body_Right] 
[2017.11.15-19.09.11:196][565]LogFbx: 	Total Deformer Count 1019455632.
[2017.11.15-19.09.11:196][565]LogFbx: 	Attribute () Type (4).
[2017.11.15-19.09.11:196][565]LogFbx: 		[Node Attribute Child 1] Bn_Body_Right (Type Mesh).
[2017.11.15-19.09.11:196][565]LogFbx: Dumping Node END [Bn_Body_Right]
[2017.11.15-19.09.11:196][565]LogFbx: =================================================
[2017.11.15-19.09.11:196][565]LogFbx: Dumping Node START [Bn_Body_Left] 
[2017.11.15-19.09.11:196][565]LogFbx: 	Total Deformer Count 1019455632.
[2017.11.15-19.09.11:196][565]LogFbx: 	Attribute () Type (4).
[2017.11.15-19.09.11:196][565]LogFbx: 		[Node Attribute Child 1] Bn_Body_Left (Type Mesh).
[2017.11.15-19.09.11:196][565]LogFbx: Dumping Node END [Bn_Body_Left]
[2017.11.15-19.09.11:196][565]LogFbx: =================================================
[2017.11.15-19.09.11:196][565]LogFbx: Dumping Node START [Bn_Face_Nub] 
[2017.11.15-19.09.11:197][565]LogFbx: 	Total Deformer Count 1015904384.
[2017.11.15-19.09.11:197][565]LogFbx: 	Attribute () Type (4).
[2017.11.15-19.09.11:197][565]LogFbx: 		[Node Attribute Child 1] Bn_Face_Nub (Type Mesh).
[2017.11.15-19.09.11:197][565]LogFbx: Dumping Node END [Bn_Face_Nub]
[2017.11.15-19.09.11:197][565]LogFbx: =================================================
[2017.11.15-19.09.11:197][565]LogFbx: Dumping Node START [Bn_Eye_Right_Nub] 
[2017.11.15-19.09.11:197][565]LogFbx: 	Total Deformer Count 1019456352.
[2017.11.15-19.09.11:197][565]LogFbx: 	Attribute () Type (4).
[2017.11.15-19.09.11:197][565]LogFbx: 		[Node Attribute Child 1] Bn_Eye_Right_Nub (Type Mesh).
[2017.11.15-19.09.11:197][565]LogFbx: Dumping Node END [Bn_Eye_Right_Nub]
[2017.11.15-19.09.11:197][565]LogFbx: =================================================
[2017.11.15-19.09.11:197][565]LogFbx: Dumping Node START [Bn_Eye_Left_Nub] 
[2017.11.15-19.09.11:197][565]LogFbx: 	Total Deformer Count 1019455952.
[2017.11.15-19.09.11:197][565]LogFbx: 	Attribute () Type (4).
[2017.11.15-19.09.11:197][565]LogFbx: 		[Node Attribute Child 1] Bn_Eye_Left_Nub (Type Mesh).
[2017.11.15-19.09.11:197][565]LogFbx: Dumping Node END [Bn_Eye_Left_Nub]
[2017.11.15-19.09.11:197][565]LogFbx: =================================================
[2017.11.15-19.09.11:197][565]LogFbx: Dumping Node START [Bn_Face_Nub] 
[2017.11.15-19.09.11:197][565]LogFbx: 	Total Deformer Count 1015904576.
[2017.11.15-19.09.11:197][565]LogFbx: 	Attribute () Type (4).
[2017.11.15-19.09.11:197][565]LogFbx: 		[Node Attribute Child 1] Bn_Face_Nub (Type Mesh).
[2017.11.15-19.09.11:197][565]LogFbx: Dumping Node END [Bn_Face_Nub]
[2017.11.15-19.09.11:197][565]LogFbx: =================================================
[2017.11.15-19.09.11:197][565]LogFbx: Dumping Node START [Bn_Eye_Right_Nub] 
[2017.11.15-19.09.11:197][565]LogFbx: 	Total Deformer Count 1019454912.
[2017.11.15-19.09.11:197][565]LogFbx: 	Attribute () Type (4).
[2017.11.15-19.09.11:197][565]LogFbx: 		[Node Attribute Child 1] Bn_Eye_Right_Nub (Type Mesh).
[2017.11.15-19.09.11:197][565]LogFbx: Dumping Node END [Bn_Eye_Right_Nub]
[2017.11.15-19.09.11:197][565]LogFbx: =================================================
[2017.11.15-19.09.11:197][565]LogFbx: Dumping Node START [Bn_Eye_Right_Nub] 
[2017.11.15-19.09.11:197][565]LogFbx: 	Total Deformer Count 1019454992.
[2017.11.15-19.09.11:197][565]LogFbx: 	Attribute () Type (4).
[2017.11.15-19.09.11:197][565]LogFbx: 		[Node Attribute Child 1] Bn_Eye_Right_Nub (Type Mesh).
[2017.11.15-19.09.11:197][565]LogFbx: Dumping Node END [Bn_Eye_Right_Nub]
[2017.11.15-19.09.11:197][565]LogFbx: =================================================
[2017.11.15-19.09.11:197][565]LogFbx: Dumping Node START [Bn_Eye_Left_Nub] 
[2017.11.15-19.09.11:197][565]LogFbx: 	Total Deformer Count 1019454992.
[2017.11.15-19.09.11:197][565]LogFbx: 	Attribute () Type (4).
[2017.11.15-19.09.11:197][565]LogFbx: 		[Node Attribute Child 1] Bn_Eye_Left_Nub (Type Mesh).
[2017.11.15-19.09.11:197][565]LogFbx: Dumping Node END [Bn_Eye_Left_Nub]
[2017.11.15-19.09.11:197][565]LogFbx: =================================================
[2017.11.15-19.09.11:197][565]LogFbx: Dumping Node START [Bn_Eye_Left_Nub] 
[2017.11.15-19.09.11:197][565]LogFbx: 	Total Deformer Count 1019454992.
[2017.11.15-19.09.11:197][565]LogFbx: 	Attribute () Type (4).
[2017.11.15-19.09.11:197][565]LogFbx: 		[Node Attribute Child 1] Bn_Eye_Left_Nub (Type Mesh).
[2017.11.15-19.09.11:197][565]LogFbx: Dumping Node END [Bn_Eye_Left_Nub]
[2017.11.15-19.09.11:197][565]LogFbx: =================================================
[2017.11.15-19.09.11:197][565]LogFbx: Dumping Node START [Bn_Head_Nub] 
[2017.11.15-19.09.11:197][565]LogFbx: 	Total Deformer Count 1015904576.
[2017.11.15-19.09.11:197][565]LogFbx: 	Attribute () Type (4).
[2017.11.15-19.09.11:197][565]LogFbx: 		[Node Attribute Child 1] Bn_Head_Nub (Type Mesh).
[2017.11.15-19.09.11:197][565]LogFbx: Dumping Node END [Bn_Head_Nub]
[2017.11.15-19.09.11:197][565]LogFbx: =================================================
[2017.11.15-19.09.11:198][565]LogFbx: Dumping Node START [Bn_Head_Nub] 
[2017.11.15-19.09.11:198][565]LogFbx: 	Total Deformer Count 1015904576.
[2017.11.15-19.09.11:198][565]LogFbx: 	Attribute () Type (4).
[2017.11.15-19.09.11:198][565]LogFbx: 		[Node Attribute Child 1] Bn_Head_Nub (Type Mesh).
[2017.11.15-19.09.11:198][565]LogFbx: Dumping Node END [Bn_Head_Nub]
[2017.11.15-19.09.11:198][565]LogFbx: =================================================
[2017.11.15-19.09.11:198][565]LogFbx: Dumping Node START [Bn_Body_Right] 
[2017.11.15-19.09.11:198][565]LogFbx: 	Total Deformer Count 1019454352.
[2017.11.15-19.09.11:198][565]LogFbx: 	Attribute () Type (4).
[2017.11.15-19.09.11:198][565]LogFbx: 		[Node Attribute Child 1] Bn_Body_Right (Type Mesh).
[2017.11.15-19.09.11:198][565]LogFbx: Dumping Node END [Bn_Body_Right]
[2017.11.15-19.09.11:198][565]LogFbx: =================================================
[2017.11.15-19.09.11:198][565]LogFbx: Dumping Node START [Bn_Body_Left] 
[2017.11.15-19.09.11:198][565]LogFbx: 	Total Deformer Count 1019454352.
[2017.11.15-19.09.11:198][565]LogFbx: 	Attribute () Type (4).
[2017.11.15-19.09.11:198][565]LogFbx: 		[Node Attribute Child 1] Bn_Body_Left (Type Mesh).
[2017.11.15-19.09.11:198][565]LogFbx: Dumping Node END [Bn_Body_Left]
[2017.11.15-19.09.11:198][565]LogFbx: =================================================
[2017.11.15-19.09.11:198][565]LogFbx: Dumping Node START [Eyes] 
[2017.11.15-19.09.11:198][565]LogFbx: 	Total Deformer Count 1005648000.
[2017.11.15-19.09.11:198][565]LogFbx: 		[Node 1]  (Type Skin).
[2017.11.15-19.09.11:198][565]LogFbx: =================================================
[2017.11.15-19.09.11:198][565]LogFbx: 	Attribute () Type (4).
[2017.11.15-19.09.11:198][565]LogFbx: 		[Node Attribute Child 1] Eyes (Type Mesh).
[2017.11.15-19.09.11:198][565]LogFbx: Dumping Node END [Eyes]
[2017.11.15-19.09.11:214][565]LogFbx: SortedLinks :(0) Bn_Root
[2017.11.15-19.09.11:214][565]LogFbx: SortedLinks :(1) Bn_Root_Nub
[2017.11.15-19.09.11:214][565]LogFbx: SortedLinks :(2) Bn_Face01
[2017.11.15-19.09.11:214][565]LogFbx: SortedLinks :(3) Bn_Face_Nub
[2017.11.15-19.09.11:214][565]LogFbx: SortedLinks :(4) Bn_Eye_Right
[2017.11.15-19.09.11:214][565]LogFbx: SortedLinks :(5) Bn_Eye_Right_Nub
[2017.11.15-19.09.11:214][565]LogFbx: SortedLinks :(6) Bn_Eye_Left
[2017.11.15-19.09.11:214][565]LogFbx: SortedLinks :(7) Bn_Eye_Left_Nub
[2017.11.15-19.09.11:214][565]LogFbx: SortedLinks :(8) Bn_Head
[2017.11.15-19.09.11:214][565]LogFbx: SortedLinks :(9) Bn_Head_Nub
[2017.11.15-19.09.11:214][565]LogFbx: SortedLinks :(10) Bn_Ear_Left01
[2017.11.15-19.09.11:214][565]LogFbx: SortedLinks :(11) Bn_Ear_Left02
[2017.11.15-19.09.11:214][565]LogFbx: SortedLinks :(12) Bn_Ear_Left_Nub
[2017.11.15-19.09.11:214][565]LogFbx: SortedLinks :(13) Bn_Ear_Right01
[2017.11.15-19.09.11:214][565]LogFbx: SortedLinks :(14) Bn_Ear_Right02
[2017.11.15-19.09.11:214][565]LogFbx: SortedLinks :(15) Bn_Ear_Right_Nub
[2017.11.15-19.09.11:214][565]LogFbx: SortedLinks :(16) Bn_Body_Right
[2017.11.15-19.09.11:214][565]LogFbx: SortedLinks :(17) Bn_Body_Right_Nub
[2017.11.15-19.09.11:214][565]LogFbx: SortedLinks :(18) Bn_Body_Left
[2017.11.15-19.09.11:214][565]LogFbx: SortedLinks :(19) Bn_Body_Left_Nub
[2017.11.15-19.09.11:216][565]LogFbx: Parsing AnimStack Take 001
[2017.11.15-19.09.11:218][565]LogLinker: Can't find file '/Game/Sammy/Animations/Sapphire_Attack_1'
[2017.11.15-19.09.11:218][565]LogLinker: Can't find file '/Game/Sammy/Animations/Sapphire_Attack_1'
[2017.11.15-19.09.11:262][565]LogAnimationCompression: Building Anim DDC data for AnimSequence /Game/Sammy/Animations/Sapphire_Attack_1.Sapphire_Attack_1
[2017.11.15-19.09.14:187][632]LogContentBrowser: Native class hierarchy updated for 'SkeletonEditor' in 0.0020 seconds. Added 1 classes and 2 folders.
[2017.11.15-19.09.14:535][632]LogSlate: Took 0.000160 seconds to synchronously load lazily loaded font '../../../Engine/Content/Slate/Fonts/Roboto-Regular.ttf' (155K)
[2017.11.15-19.09.14:711][632]LogActorComponent: RegisterComponentWithWorld: (/Engine/Transient.World_4:PersistentLevel.Actor_0.DebugSkelMeshComponent_0) Already registered. Aborting.
[2017.11.15-19.09.14:984][632]LogSkeletalMesh: USkeletalMeshComponent::InitArticulated : Bodies already created (/Engine/Transient.World_4:PersistentLevel.Actor_0.DebugSkelMeshComponent_0) - call TermArticulated first.
[2017.11.15-19.09.15:942][632]LogContentBrowser: Native class hierarchy updated for 'ClothingSystemEditorInterface' in 0.0020 seconds. Added 1 classes and 0 folders.
[2017.11.15-19.09.15:959][632]LogStaticMesh: Allocated 510x145x64 distance field atlas = 9.0Mb, with 58 objects containing 4.0Mb backing data
[2017.11.15-19.09.15:959][632]LogContentBrowser: Verbose: The majority of assets in the view are of type: AnimSequence
[2017.11.15-19.09.31:672][426]LogSavePackage: Save=61.48ms
[2017.11.15-19.09.31:672][426]LogSavePackage: Moving 'C:/Users/Gavin/Documents/GitHub/Sammys-Great-Adventure/SammysGreatAdventure/Saved/Sapphire_Attack_1127C158E423EAA708B9AA993E0DC341D.tmp' to 'C:/Users/Gavin/Documents/GitHub/Sammys-Great-Adventure/SammysGreatAdventure/Content/Sammy/Animations/Sapphire_Attack_1.uasset'
[2017.11.15-19.09.31:678][426]LogSavePackage: Display: Finished SavePackage C:/Users/Gavin/Documents/GitHub/Sammys-Great-Adventure/SammysGreatAdventure/Content/Sammy/Animations/Sapphire_Attack_1.uasset
[2017.11.15-19.12.03:442][418]LogEditorViewport: Clicking on Actor (context menu): SkeletalMeshActor (ChristmasTree_tree2)
[2017.11.15-19.16.26:160][680]LogEditorViewport: Clicking on Actor (context menu): SkeletalMeshActor (ChristmasTree_tree3)
[2017.11.15-19.16.27:003][680]LogEditorViewport: Clicking on Actor (LMB): SkeletalMeshActor (ChristmasTree_tree2)
[2017.11.15-19.16.27:106][680]LogEditorViewport: Clicking on Actor (LMB): StaticMeshActor (lowpolymountains)
[2017.11.15-19.16.27:338][680]LogEditorViewport: Clicking on Actor (LMB): StaticMeshActor (lowpolymountains)
[2017.11.15-19.16.27:422][680]LogEditorViewport: Clicking on Actor (LMB): StaticMeshActor (lowpolymountains)
[2017.11.15-19.16.27:500][680]LogEditorViewport: Clicking on Actor (LMB): StaticMeshActor (lowpolymountains)
[2017.11.15-19.16.27:574][680]LogEditorViewport: Clicking on Actor (LMB): StaticMeshActor (lowpolymountains)
[2017.11.15-19.17.47:540][749]LogContentBrowser: Native class hierarchy updated for 'MaterialEditor' in 0.0039 seconds. Added 1 classes and 0 folders.
[2017.11.15-19.17.47:574][749]LogMaterial: Missing cached shader map for material M_Ghostly, compiling. 
[2017.11.15-19.17.48:279][749]LogMaterial: Missing cached shader map for material M_Ghostly, compiling. 
[2017.11.15-19.17.48:356][749]LogMaterial: Missing cached shader map for material M_Ghostly, compiling. 
[2017.11.15-19.17.48:467][749]LogMaterial: Missing cached shader map for material FMatExpressionPreview MaterialExpressionTextureSampleParameter2D_0, compiling. 
[2017.11.15-19.17.48:472][749]LogMaterial: Missing cached shader map for material FMatExpressionPreview MaterialExpressionTextureSample_1, compiling. 
[2017.11.15-19.17.48:554][749]LogSlate: Took 0.047320 seconds to synchronously load lazily loaded font '../../../Engine/Content/Editor/Slate/Fonts/Roboto-BoldCondensed.ttf' (158K)
[2017.11.15-19.17.54:524][752]LogSlate: Took 0.020240 seconds to synchronously load lazily loaded font '../../../Engine/Content/Editor/Slate/Fonts/Roboto-Italic.ttf' (157K)
[2017.11.15-19.17.58:655][914]MaterialEditorStats: Base pass shader: 87 instructions
[2017.11.15-19.17.58:655][914]MaterialEditorStats: Vertex shader: 40 instructions
[2017.11.15-19.17.58:655][914]MaterialEditorStats: Texture samplers: 2/16
[2017.11.15-19.17.58:655][914]MaterialEditorStats: User interpolators: 2/4 Scalars (1/4 Vectors) (TexCoords: 2, Custom: 0)
[2017.11.15-19.18.10:501][536]LogMaterialEditor: Saving and Compiling material M_Ghostly
[2017.11.15-19.18.10:632][536]LogSavePackage: Save=37.95ms
[2017.11.15-19.18.10:632][536]LogSavePackage: Moving 'C:/Users/Gavin/Documents/GitHub/Sammys-Great-Adventure/SammysGreatAdventure/Saved/M_GhostlyD0D257D849839B42A10B28A2BFEAF971.tmp' to 'C:/Users/Gavin/Documents/GitHub/Sammys-Great-Adventure/SammysGreatAdventure/Content/Enemies/FrostyGhost/Material/M_Ghostly.uasset'
[2017.11.15-19.18.10:634][536]LogSavePackage: Display: Finished SavePackage C:/Users/Gavin/Documents/GitHub/Sammys-Great-Adventure/SammysGreatAdventure/Content/Enemies/FrostyGhost/Material/M_Ghostly.uasset
[2017.11.15-19.18.36:514][106]LogEditorViewport: Clicking on Actor (LMB): SkeletalMeshActor (ChristmasTree_tree2)
[2017.11.15-19.19.51:440][793]LogContentBrowser: Native class hierarchy updated for 'BlueprintGraph' in 0.0030 seconds. Added 113 classes and 0 folders.
[2017.11.15-19.21.02:160][894]LogSavePackage: Save=109.78ms
[2017.11.15-19.21.02:160][894]LogSavePackage: Moving 'C:/Users/Gavin/Documents/GitHub/Sammys-Great-Adventure/SammysGreatAdventure/Saved/BTS_AggroCheckAA2A89EC4F01A984FE207D8827F4A83A.tmp' to 'C:/Users/Gavin/Documents/GitHub/Sammys-Great-Adventure/SammysGreatAdventure/Content/Enemies/FrostyGhost/Blueprints/BTS_AggroCheck.uasset'
[2017.11.15-19.21.02:163][894]LogSavePackage: Display: Finished SavePackage C:/Users/Gavin/Documents/GitHub/Sammys-Great-Adventure/SammysGreatAdventure/Content/Enemies/FrostyGhost/Blueprints/BTS_AggroCheck.uasset
[2017.11.15-19.21.40:563][470]LogSavePackage: Save=1194.07ms
[2017.11.15-19.21.40:563][470]LogSavePackage: Moving 'C:/Users/Gavin/Documents/GitHub/Sammys-Great-Adventure/SammysGreatAdventure/Saved/ThirdPersonExampleMap_Auto1262DD60A424F07493A20079058DCD84C.tmp' to 'C:/Users/Gavin/Documents/GitHub/Sammys-Great-Adventure/SammysGreatAdventure/Saved/Autosaves/Game/ThirdPersonCPP/Maps/ThirdPersonExampleMap_Auto1.umap'
[2017.11.15-19.21.40:565][470]LogSavePackage: Display: Finished SavePackage C:/Users/Gavin/Documents/GitHub/Sammys-Great-Adventure/SammysGreatAdventure/Saved/Autosaves/Game/ThirdPersonCPP/Maps/ThirdPersonExampleMap_Auto1.umap
[2017.11.15-19.21.40:581][470]LogFileHelpers: Editor autosave (incl. sublevels) for '/Game/ThirdPersonCPP/Maps/ThirdPersonExampleMap' took 9.130
[2017.11.15-19.21.40:581][470]LogFileHelpers: Editor autosave (incl. sublevels) for all levels took 9.130
